<?xml version="1.0" encoding="UTF-8"?>
<!-- Generated by org.testng.reporters.JUnitReportReporter -->
<testsuite hostname="IM-LP-514" name="org.test.automation.testcases.SampleTest" tests="1" failures="0" timestamp="8 Feb 2019 09:17:23 GMT" time="10.509" errors="0">
  <testcase name="testMethod" time="10.509" classname="org.test.automation.testcases.SampleTest"/>
</testsuite> <!-- org.test.automation.testcases.SampleTest -->
